<?xml version="1.0" encoding="UTF-8"?>
<testsuite xmlns:xsi="http://www.w3.org/2001/XMLSchema-instance" xsi:noNamespaceSchemaLocation="https://maven.apache.org/surefire/maven-surefire-plugin/xsd/surefire-test-report-3.0.xsd" version="3.0" name="TestSuite" time="12.021" tests="10" errors="0" skipped="0" failures="0">
  <properties>
[...]
</properties>
  <testcase name="runScenario[&quot;Handling invalid item creation&quot;, &quot;Edge Cases for RESTful API Testing&quot;](1)" classname="com.api.runners.TestRunner" time="2.212">
    <system-out><![CDATA[
@Test
Scenario: Handling invalid item creation &amp#27;[90m# src/test/resources/features/EdgeCases.feature:8&amp#27;[0m
Request method:	POST
Request URI:	https://api.restful-api.dev/objects
Proxy:			<none>
Request params:	<none>
Query params:	<none>
Form params:	<none>
Path params:	<none>
Headers:		Accept=*/*
				Content-Type=application/json
Cookies:		<none>
Multiparts:		<none>
Body:
{
    "name": "Apple MacBook Pro 16"11,
    "data": {
        "year": 2019,
        "price": "1849.99",
        "CPU model": "Intel Core i9",
        "Hard disk size": "1 TB"
    }
}
HTTP/1.1 400 Bad Request
Date: Mon, 19 May 2025 01:18:34 GMT
Content-Type: application/json
Transfer-Encoding: chunked
Connection: keep-alive
Server: cloudflare
Nel: {"report_to":"cf-nel","success_fraction":0.0,"max_age":604800}
Vary: Origin
Vary: Access-Control-Request-Method
Vary: Access-Control-Request-Headers
Cf-Cache-Status: DYNAMIC
Report-To: {"group":"cf-nel","max_age":604800,"endpoints":[{"url":"https://a.nel.cloudflare.com/report/v4?s=D4cujc37%2BDE6nemwgqTXmocVgBjEpcJRNhBl%2B1YoykeB0ZKSe%2B%2FBuhYJb74ScMC%2FDwi0ibWrawis8GzDG5nlL8Np9hAf6cFtWQ3%2BComUVAD2Q0s%3D"}]}
CF-RAY: 941fc2d76b57129d-LHR
alt-svc: h3=":443"; ma=86400

{
    "error": "400 Bad Request. If you are trying to create or update the data, potential issue is that you are sending incorrect body json or it is missing at all."
}
  &amp#27;[32mWhen &amp#27;[0m&amp#27;[32mI send an invalid JSON payload&amp#27;[0m    &amp#27;[90m# com.api.stepdefinitions.EdgeCaseSteps.sendInvalidJsonPayload()&amp#27;[0m
  &amp#27;[32mThen &amp#27;[0m&amp#27;[32ma &amp#27;[0m&amp#27;[32m&amp#27;[1m400&amp#27;[0m&amp#27;[32m response code is returned&amp#27;[0m   &amp#27;[90m# com.api.stepdefinitions.ObjectSteps.verifyResponseCode(int)&amp#27;[0m
]]></system-out>
    <system-err><![CDATA[SLF4J: Failed to load class "org.slf4j.impl.StaticLoggerBinder".
SLF4J: Defaulting to no-operation (NOP) logger implementation
SLF4J: See http://www.slf4j.org/codes.html#StaticLoggerBinder for further details.
]]></system-err>
  </testcase>
  <testcase name="runScenario[&quot;Get non-existent item&quot;, &quot;Edge Cases for RESTful API Testing&quot;](2)" classname="com.api.runners.TestRunner" time="0.41">
    <system-out><![CDATA[
@Test
Scenario: Get non-existent item                         &amp#27;[90m# src/test/resources/features/EdgeCases.feature:13&amp#27;[0m
HTTP/1.1 404 Not Found
Date: Mon, 19 May 2025 01:18:35 GMT
Content-Type: application/json
Transfer-Encoding: chunked
Connection: keep-alive
Server: cloudflare
Nel: {"report_to":"cf-nel","success_fraction":0.0,"max_age":604800}
Vary: Origin
Vary: Access-Control-Request-Method
Vary: Access-Control-Request-Headers
Cf-Cache-Status: DYNAMIC
Report-To: {"group":"cf-nel","max_age":604800,"endpoints":[{"url":"https://a.nel.cloudflare.com/report/v4?s=qspJYsw3ckUCtdf3ntIoa8h6JWp%2BZRn9LnnsHZIoCCFeGfy4I87k1Mjxx4clAVNMwrjzVaWOoudiccQP12JumBUxk1fQ1kANe3R49N4FJ6P9eDg%3D"}]}
Content-Encoding: gzip
CF-RAY: 941fc2dcabdf87d9-LHR
alt-svc: h3=":443"; ma=86400

{
    "error": "Oject with id=nonexistent123 was not found."
}
  &amp#27;[32mWhen &amp#27;[0m&amp#27;[32mI request to get the item by ID &amp#27;[0m&amp#27;[32m&amp#27;[1m"nonexistent123"&amp#27;[0m &amp#27;[90m# com.api.stepdefinitions.EdgeCaseSteps.getItemBySpecificId(java.lang.String)&amp#27;[0m
  &amp#27;[32mThen &amp#27;[0m&amp#27;[32ma &amp#27;[0m&amp#27;[32m&amp#27;[1m404&amp#27;[0m&amp#27;[32m response code is returned&amp#27;[0m                  &amp#27;[90m# com.api.stepdefinitions.ObjectSteps.verifyResponseCode(int)&amp#27;[0m
]]></system-out>
  </testcase>
  <testcase name="runScenario[&quot;Create various types of items&quot;, &quot;Edge Cases for RESTful API Testing&quot;](3)" classname="com.api.runners.TestRunner" time="1.412">
    <system-out><![CDATA[
@Test
Scenario Outline: Create various types of items &amp#27;[90m# src/test/resources/features/EdgeCases.feature:27&amp#27;[0m
  &amp#27;[32mGiven &amp#27;[0m&amp#27;[32ma &amp#27;[0m&amp#27;[32m&amp#27;[1m"iPhone 14"&amp#27;[0m&amp#27;[32m item is created&amp#27;[0m           &amp#27;[90m# com.api.stepdefinitions.ObjectSteps.setItemName(java.lang.String)&amp#27;[0m
  &amp#27;[32mAnd &amp#27;[0m&amp#27;[32mhas a price of &amp#27;[0m&amp#27;[32m&amp#27;[1m"999.99"&amp#27;[0m                   &amp#27;[90m# com.api.stepdefinitions.ObjectSteps.setPrice(java.lang.String)&amp#27;[0m
Request method:	POST
Request URI:	https://api.restful-api.dev/objects
Proxy:			<none>
Request params:	<none>
Query params:	<none>
Form params:	<none>
Path params:	<none>
Headers:		Accept=*/*
				Content-Type=application/json
Cookies:		<none>
Multiparts:		<none>
Body:
{
    "name": "iPhone 14",
    "dataMap": {
        "price": 999.99
    }
}
HTTP/1.1 200 OK
Date: Mon, 19 May 2025 01:18:35 GMT
Content-Type: application/json
Transfer-Encoding: chunked
Connection: keep-alive
Server: cloudflare
Nel: {"report_to":"cf-nel","success_fraction":0.0,"max_age":604800}
Vary: Origin
Vary: Access-Control-Request-Method
Vary: Access-Control-Request-Headers
Cf-Cache-Status: DYNAMIC
Report-To: {"group":"cf-nel","max_age":604800,"endpoints":[{"url":"https://a.nel.cloudflare.com/report/v4?s=Qo3xg35ATrQrVxsWZY0Hd902u9lGrkH1g8%2FBF5e%2FHMO5Y%2B79bproEIOvVugqAovuq3%2FgutHpo046MpEt1rGILDXDnuQv0u0bAkLKLfZmh%2FaaOHo%3D"}]}
Content-Encoding: gzip
CF-RAY: 941fc2e0db1d417f-LHR
alt-svc: h3=":443"; ma=86400

{
    "id": "ff808181932badb60196e61f09443a6b",
    "name": "iPhone 14",
    "createdAt": "2025-05-19T01:18:35.844+00:00",
    "data": null
}
  &amp#27;[32mWhen &amp#27;[0m&amp#27;[32mthe request to add the item is made&amp#27;[0m      &amp#27;[90m# com.api.stepdefinitions.ObjectSteps.addItem()&amp#27;[0m
  &amp#27;[32mThen &amp#27;[0m&amp#27;[32ma &amp#27;[0m&amp#27;[32m&amp#27;[1m200&amp#27;[0m&amp#27;[32m response code is returned&amp#27;[0m          &amp#27;[90m# com.api.stepdefinitions.ObjectSteps.verifyResponseCode(int)&amp#27;[0m
  &amp#27;[32mAnd &amp#27;[0m&amp#27;[32mthe item details are stored correctly&amp#27;[0m     &amp#27;[90m# com.api.stepdefinitions.EdgeCaseSteps.verifyItemStorage()&amp#27;[0m
]]></system-out>
  </testcase>
  <testcase name="runScenario[&quot;Create various types of items&quot;, &quot;Edge Cases for RESTful API Testing&quot;](4)" classname="com.api.runners.TestRunner" time="0.434">
    <system-out><![CDATA[
@Test
Scenario Outline: Create various types of items &amp#27;[90m# src/test/resources/features/EdgeCases.feature:28&amp#27;[0m
  &amp#27;[32mGiven &amp#27;[0m&amp#27;[32ma &amp#27;[0m&amp#27;[32m&amp#27;[1m"Samsung Galaxy S23"&amp#27;[0m&amp#27;[32m item is created&amp#27;[0m  &amp#27;[90m# com.api.stepdefinitions.ObjectSteps.setItemName(java.lang.String)&amp#27;[0m
  &amp#27;[32mAnd &amp#27;[0m&amp#27;[32mhas a price of &amp#27;[0m&amp#27;[32m&amp#27;[1m"899.99"&amp#27;[0m                   &amp#27;[90m# com.api.stepdefinitions.ObjectSteps.setPrice(java.lang.String)&amp#27;[0m
Request method:	POST
Request URI:	https://api.restful-api.dev/objects
Proxy:			<none>
Request params:	<none>
Query params:	<none>
Form params:	<none>
Path params:	<none>
Headers:		Accept=*/*
				Content-Type=application/json
Cookies:		<none>
Multiparts:		<none>
Body:
{
    "name": "Samsung Galaxy S23",
    "dataMap": {
        "price": 899.99
    }
}
HTTP/1.1 200 OK
Date: Mon, 19 May 2025 01:18:37 GMT
Content-Type: application/json
Transfer-Encoding: chunked
Connection: keep-alive
Server: cloudflare
Nel: {"report_to":"cf-nel","success_fraction":0.0,"max_age":604800}
Vary: Origin
Vary: Access-Control-Request-Method
Vary: Access-Control-Request-Headers
Cf-Cache-Status: DYNAMIC
Report-To: {"group":"cf-nel","max_age":604800,"endpoints":[{"url":"https://a.nel.cloudflare.com/report/v4?s=Iwqhgb4D0rOZYbMW8qC%2BqYMScw1EdqKz8KkVCki3B6IOWXd0fOY0oNUSqkyEhjoW8o%2B3%2FfiAXBfCvmK5kAJ5Fv3C5pWXhQuLgbl5M66XsAkctlM%3D"}]}
Content-Encoding: gzip
CF-RAY: 941fc2e7be97b3b3-LHR
alt-svc: h3=":443"; ma=86400

{
    "id": "ff808181932badb60196e61f0d423a6d",
    "name": "Samsung Galaxy S23",
    "createdAt": "2025-05-19T01:18:36.866+00:00",
    "data": null
}
  &amp#27;[32mWhen &amp#27;[0m&amp#27;[32mthe request to add the item is made&amp#27;[0m      &amp#27;[90m# com.api.stepdefinitions.ObjectSteps.addItem()&amp#27;[0m
  &amp#27;[32mThen &amp#27;[0m&amp#27;[32ma &amp#27;[0m&amp#27;[32m&amp#27;[1m200&amp#27;[0m&amp#27;[32m response code is returned&amp#27;[0m          &amp#27;[90m# com.api.stepdefinitions.ObjectSteps.verifyResponseCode(int)&amp#27;[0m
  &amp#27;[32mAnd &amp#27;[0m&amp#27;[32mthe item details are stored correctly&amp#27;[0m     &amp#27;[90m# com.api.stepdefinitions.EdgeCaseSteps.verifyItemStorage()&amp#27;[0m
]]></system-out>
  </testcase>
  <testcase name="runScenario[&quot;Create various types of items&quot;, &quot;Edge Cases for RESTful API Testing&quot;](5)" classname="com.api.runners.TestRunner" time="0.512">
    <system-out><![CDATA[
@Test
Scenario Outline: Create various types of items &amp#27;[90m# src/test/resources/features/EdgeCases.feature:29&amp#27;[0m
  &amp#27;[32mGiven &amp#27;[0m&amp#27;[32ma &amp#27;[0m&amp#27;[32m&amp#27;[1m"Google Pixel 7"&amp#27;[0m&amp#27;[32m item is created&amp#27;[0m      &amp#27;[90m# com.api.stepdefinitions.ObjectSteps.setItemName(java.lang.String)&amp#27;[0m
  &amp#27;[32mAnd &amp#27;[0m&amp#27;[32mhas a price of &amp#27;[0m&amp#27;[32m&amp#27;[1m"599.99"&amp#27;[0m                   &amp#27;[90m# com.api.stepdefinitions.ObjectSteps.setPrice(java.lang.String)&amp#27;[0m
Request method:	POST
Request URI:	https://api.restful-api.dev/objects
Proxy:			<none>
Request params:	<none>
Query params:	<none>
Form params:	<none>
Path params:	<none>
Headers:		Accept=*/*
				Content-Type=application/json
Cookies:		<none>
Multiparts:		<none>
Body:
{
    "name": "Google Pixel 7",
    "dataMap": {
        "price": 599.99
    }
}
HTTP/1.1 200 OK
Date: Mon, 19 May 2025 01:18:37 GMT
Content-Type: application/json
Transfer-Encoding: chunked
Connection: keep-alive
Server: cloudflare
Nel: {"report_to":"cf-nel","success_fraction":0.0,"max_age":604800}
Vary: Origin
Vary: Access-Control-Request-Method
Vary: Access-Control-Request-Headers
Cf-Cache-Status: DYNAMIC
Report-To: {"group":"cf-nel","max_age":604800,"endpoints":[{"url":"https://a.nel.cloudflare.com/report/v4?s=FP4DcAUaj6%2B%2Bp6kgD7JHgK5f5xuj6eOVaqLUlYhB9Z3ntgQg1kUZdJjrysWNHKG5aTdvL6sGhBaauWM%2FMEwNLCVAb1yfn9zmjPpNASNPpjs%2BvJk%3D"}]}
Content-Encoding: gzip
CF-RAY: 941fc2ea8d0b9848-LHR
alt-svc: h3=":443"; ma=86400

{
    "id": "ff808181932badb60196e61f0f523a6e",
    "name": "Google Pixel 7",
    "createdAt": "2025-05-19T01:18:37.394+00:00",
    "data": null
}
  &amp#27;[32mWhen &amp#27;[0m&amp#27;[32mthe request to add the item is made&amp#27;[0m      &amp#27;[90m# com.api.stepdefinitions.ObjectSteps.addItem()&amp#27;[0m
  &amp#27;[32mThen &amp#27;[0m&amp#27;[32ma &amp#27;[0m&amp#27;[32m&amp#27;[1m200&amp#27;[0m&amp#27;[32m response code is returned&amp#27;[0m          &amp#27;[90m# com.api.stepdefinitions.ObjectSteps.verifyResponseCode(int)&amp#27;[0m
  &amp#27;[32mAnd &amp#27;[0m&amp#27;[32mthe item details are stored correctly&amp#27;[0m     &amp#27;[90m# com.api.stepdefinitions.EdgeCaseSteps.verifyItemStorage()&amp#27;[0m
]]></system-out>
  </testcase>
  <testcase name="runScenario[&quot;Verify an item can be created&quot;, &quot;Object Management in RESTful API&quot;](6)" classname="com.api.runners.TestRunner" time="0.823">
    <system-out><![CDATA[
@Test
Scenario: Verify an item can be created          &amp#27;[90m# src/test/resources/features/ObjectManagement.feature:8&amp#27;[0m
  &amp#27;[32mGiven &amp#27;[0m&amp#27;[32ma &amp#27;[0m&amp#27;[32m&amp#27;[1m"Apple MacBook Pro 16"&amp#27;[0m&amp#27;[32m item is created&amp#27;[0m &amp#27;[90m# com.api.stepdefinitions.ObjectSteps.setItemName(java.lang.String)&amp#27;[0m
  &amp#27;[32mAnd &amp#27;[0m&amp#27;[32mis a &amp#27;[0m&amp#27;[32m&amp#27;[1m"Intel Core i9"&amp#27;[0m&amp#27;[32m CPU model&amp#27;[0m             &amp#27;[90m# com.api.stepdefinitions.ObjectSteps.setCpuModel(java.lang.String)&amp#27;[0m
  &amp#27;[32mAnd &amp#27;[0m&amp#27;[32mhas a price of &amp#27;[0m&amp#27;[32m&amp#27;[1m"1849.99"&amp#27;[0m                   &amp#27;[90m# com.api.stepdefinitions.ObjectSteps.setPrice(java.lang.String)&amp#27;[0m
Request method:	POST
Request URI:	https://api.restful-api.dev/objects
Proxy:			<none>
Request params:	<none>
Query params:	<none>
Form params:	<none>
Path params:	<none>
Headers:		Accept=*/*
				Content-Type=application/json
Cookies:		<none>
Multiparts:		<none>
Body:
{
    "name": "Apple MacBook Pro 16",
    "dataMap": {
        "price": 1849.99,
        "cpu": "Intel Core i9"
    }
}
HTTP/1.1 200 OK
Date: Mon, 19 May 2025 01:18:38 GMT
Content-Type: application/json
Transfer-Encoding: chunked
Connection: keep-alive
Server: cloudflare
Nel: {"report_to":"cf-nel","success_fraction":0.0,"max_age":604800}
Vary: Origin
Vary: Access-Control-Request-Method
Vary: Access-Control-Request-Headers
Cf-Cache-Status: DYNAMIC
Report-To: {"group":"cf-nel","max_age":604800,"endpoints":[{"url":"https://a.nel.cloudflare.com/report/v4?s=n4gmd%2BilGHravlg3tpAFtz5NpBwLGJ%2BRYGYtRnmuT2HvPCU%2Bh1QTOpPGmo8naRhWMXp5RWAVzkAKBCOQaT6K%2F%2B3F5pi5McGBI2YbaAuhgMhaCnc%3D"}]}
Content-Encoding: gzip
CF-RAY: 941fc2edaac7bef6-LHR
alt-svc: h3=":443"; ma=86400

{
    "id": "ff808181932badb60196e61f12873a6f",
    "name": "Apple MacBook Pro 16",
    "createdAt": "2025-05-19T01:18:38.215+00:00",
    "data": null
}
  &amp#27;[32mWhen &amp#27;[0m&amp#27;[32mthe request to add the item is made&amp#27;[0m       &amp#27;[90m# com.api.stepdefinitions.ObjectSteps.addItem()&amp#27;[0m
  &amp#27;[32mThen &amp#27;[0m&amp#27;[32ma &amp#27;[0m&amp#27;[32m&amp#27;[1m200&amp#27;[0m&amp#27;[32m response code is returned&amp#27;[0m           &amp#27;[90m# com.api.stepdefinitions.ObjectSteps.verifyResponseCode(int)&amp#27;[0m
  &amp#27;[32mAnd &amp#27;[0m&amp#27;[32ma &amp#27;[0m&amp#27;[32m&amp#27;[1m"Apple MacBook Pro 16"&amp#27;[0m&amp#27;[32m is created&amp#27;[0m        &amp#27;[90m# com.api.stepdefinitions.ObjectSteps.verifyItemName(java.lang.String)&amp#27;[0m
]]></system-out>
  </testcase>
  <testcase name="runScenario[&quot;Verify an ability to return an item&quot;, &quot;Object Management in RESTful API&quot;](7)" classname="com.api.runners.TestRunner" time="0.907">
    <system-out><![CDATA[
@Test
Scenario: Verify an ability to return an item    &amp#27;[90m# src/test/resources/features/ObjectManagement.feature:17&amp#27;[0m
Request method:	POST
Request URI:	https://api.restful-api.dev/objects
Proxy:			<none>
Request params:	<none>
Query params:	<none>
Form params:	<none>
Path params:	<none>
Headers:		Accept=*/*
				Content-Type=application/json
Cookies:		<none>
Multiparts:		<none>
Body:
{
    "name": "Test Item",
    "dataMap": {
        "price": 999.99,
        "description": "Test item for verification"
    }
}
HTTP/1.1 200 OK
Date: Mon, 19 May 2025 01:18:38 GMT
Content-Type: application/json
Transfer-Encoding: chunked
Connection: keep-alive
Server: cloudflare
Nel: {"report_to":"cf-nel","success_fraction":0.0,"max_age":604800}
Vary: Origin
Vary: Access-Control-Request-Method
Vary: Access-Control-Request-Headers
Cf-Cache-Status: DYNAMIC
Report-To: {"group":"cf-nel","max_age":604800,"endpoints":[{"url":"https://a.nel.cloudflare.com/report/v4?s=jINgdOgOc9SDuDwc9XiPWR6Bo6XYPKrMtmppMDoxc%2FwhRq08gW3UJXP0VuzlYw2GfkSGoRNmPVuRnws2qvfy8cLe1xnOLtXgLotscLefbZlXpfU%3D"}]}
Content-Encoding: gzip
CF-RAY: 941fc2f2ae176382-LHR
alt-svc: h3=":443"; ma=86400

{
    "id": "ff808181932badb60196e61f147f3a70",
    "name": "Test Item",
    "createdAt": "2025-05-19T01:18:38.719+00:00",
    "data": null
}
  &amp#27;[32mGiven &amp#27;[0m&amp#27;[32man item exists in the system&amp#27;[0m             &amp#27;[90m# com.api.stepdefinitions.ObjectSteps.createAnItem()&amp#27;[0m
HTTP/1.1 200 OK
Date: Mon, 19 May 2025 01:18:39 GMT
Content-Type: application/json
Transfer-Encoding: chunked
Connection: keep-alive
Server: cloudflare
Nel: {"report_to":"cf-nel","success_fraction":0.0,"max_age":604800}
Vary: Origin
Vary: Access-Control-Request-Method
Vary: Access-Control-Request-Headers
Cf-Cache-Status: DYNAMIC
Report-To: {"group":"cf-nel","max_age":604800,"endpoints":[{"url":"https://a.nel.cloudflare.com/report/v4?s=0cITe86Kc1fBgPH9VsQy41KiWTci5pvbxeVvz03S2IG2PYD%2BknfsOOUUYUOFJsRALgQC1SUlkhdRWjTdFdNQu%2B1P4CDhHrWi9715%2BZ4TnnhBHQU%3D"}]}
Content-Encoding: gzip
CF-RAY: 941fc2f57bf56536-LHR
alt-svc: h3=":443"; ma=86400

{
    "id": "ff808181932badb60196e61f147f3a70",
    "name": "Test Item",
    "data": null
}
Response Print from by its id steepio.restassured.internal.RestAssuredResponseImpl@58e02359
  &amp#27;[32mWhen &amp#27;[0m&amp#27;[32mI request to get the item by its ID&amp#27;[0m       &amp#27;[90m# com.api.stepdefinitions.ObjectSteps.getItemById()&amp#27;[0m
  &amp#27;[32mThen &amp#27;[0m&amp#27;[32ma &amp#27;[0m&amp#27;[32m&amp#27;[1m200&amp#27;[0m&amp#27;[32m response code is returned&amp#27;[0m           &amp#27;[90m# com.api.stepdefinitions.ObjectSteps.verifyResponseCode(int)&amp#27;[0m
  &amp#27;[32mAnd &amp#27;[0m&amp#27;[32mthe item details match the expected values&amp#27;[0m &amp#27;[90m# com.api.stepdefinitions.ObjectSteps.verifyItemDetails()&amp#27;[0m
]]></system-out>
  </testcase>
  <testcase name="runScenario[&quot;Ability to list multiple items&quot;, &quot;Object Management in RESTful API&quot;](8)" classname="com.api.runners.TestRunner" time="2.043">
    <system-out><![CDATA[
@Test
Scenario: Ability to list multiple items      &amp#27;[90m# src/test/resources/features/ObjectManagement.feature:24&amp#27;[0m
Request method:	POST
Request URI:	https://api.restful-api.dev/objects
Proxy:			<none>
Request params:	<none>
Query params:	<none>
Form params:	<none>
Path params:	<none>
Headers:		Accept=*/*
				Content-Type=application/json
Cookies:		<none>
Multiparts:		<none>
Body:
{
    "name": "Test Item 1",
    "dataMap": {
        "index": 1
    }
}
HTTP/1.1 200 OK
Date: Mon, 19 May 2025 01:18:39 GMT
Content-Type: application/json
Transfer-Encoding: chunked
Connection: keep-alive
Server: cloudflare
Nel: {"report_to":"cf-nel","success_fraction":0.0,"max_age":604800}
Vary: Origin
Vary: Access-Control-Request-Method
Vary: Access-Control-Request-Headers
Cf-Cache-Status: DYNAMIC
Report-To: {"group":"cf-nel","max_age":604800,"endpoints":[{"url":"https://a.nel.cloudflare.com/report/v4?s=sR2OAgVEAs21xTHOrxLClYFy2GAVmTlTF%2B0%2FKlCXOmL84MVjeyiQurVJhn8orX%2BOIl1NEZrKm6HnWIBjqQDoEE2JlfXyR597RVytc3UVVizQd1A%3D"}]}
Content-Encoding: gzip
CF-RAY: 941fc2f85eaf9586-LHR
alt-svc: h3=":443"; ma=86400

{
    "id": "ff808181932badb60196e61f17f53a71",
    "name": "Test Item 1",
    "createdAt": "2025-05-19T01:18:39.605+00:00",
    "data": null
}
Request method:	POST
Request URI:	https://api.restful-api.dev/objects
Proxy:			<none>
Request params:	<none>
Query params:	<none>
Form params:	<none>
Path params:	<none>
Headers:		Accept=*/*
				Content-Type=application/json
Cookies:		<none>
Multiparts:		<none>
Body:
{
    "name": "Test Item 2",
    "dataMap": {
        "index": 2
    }
}
HTTP/1.1 200 OK
Date: Mon, 19 May 2025 01:18:40 GMT
Content-Type: application/json
Transfer-Encoding: chunked
Connection: keep-alive
Server: cloudflare
Nel: {"report_to":"cf-nel","success_fraction":0.0,"max_age":604800}
Vary: Origin
Vary: Access-Control-Request-Method
Vary: Access-Control-Request-Headers
Cf-Cache-Status: DYNAMIC
Report-To: {"group":"cf-nel","max_age":604800,"endpoints":[{"url":"https://a.nel.cloudflare.com/report/v4?s=LN5QDHjlMzqou7zf7yTuvv%2FI12xinc4ebaw7SzCqTfNQUgyZS8oJ2nmt%2FmFg0Q%2Fq9%2FBKX4sggmRrfHjGO9NZ31HUuQ%2BKzErXNgNM1QBHHk39pBo%3D"}]}
Content-Encoding: gzip
CF-RAY: 941fc2fb08c89431-LHR
alt-svc: h3=":443"; ma=86400

{
    "id": "ff808181932badb60196e61f19b23a72",
    "name": "Test Item 2",
    "createdAt": "2025-05-19T01:18:40.050+00:00",
    "data": null
}
Request method:	POST
Request URI:	https://api.restful-api.dev/objects
Proxy:			<none>
Request params:	<none>
Query params:	<none>
Form params:	<none>
Path params:	<none>
Headers:		Accept=*/*
				Content-Type=application/json
Cookies:		<none>
Multiparts:		<none>
Body:
{
    "name": "Test Item 3",
    "dataMap": {
        "index": 3
    }
}
HTTP/1.1 200 OK
Date: Mon, 19 May 2025 01:18:40 GMT
Content-Type: application/json
Transfer-Encoding: chunked
Connection: keep-alive
Server: cloudflare
Nel: {"report_to":"cf-nel","success_fraction":0.0,"max_age":604800}
Vary: Origin
Vary: Access-Control-Request-Method
Vary: Access-Control-Request-Headers
Cf-Cache-Status: DYNAMIC
Report-To: {"group":"cf-nel","max_age":604800,"endpoints":[{"url":"https://a.nel.cloudflare.com/report/v4?s=H4225lIm9ESwTHW%2FEqXh%2FUnqpglDRus2hF7i9UoQKtZPnkt4lsT5MaqDLWK5EK%2BK5Ffss6vKnlAw739Ydf%2FlGckZao3Fxg%2BBnzShKlvwutWhcw0%3D"}]}
Content-Encoding: gzip
CF-RAY: 941fc2fdeb0a873a-LHR
alt-svc: h3=":443"; ma=86400

{
    "id": "ff808181932badb60196e61f1b6e3a73",
    "name": "Test Item 3",
    "createdAt": "2025-05-19T01:18:40.494+00:00",
    "data": null
}
  &amp#27;[32mGiven &amp#27;[0m&amp#27;[32mmultiple items exist in the system&amp#27;[0m    &amp#27;[90m# com.api.stepdefinitions.ObjectSteps.createMultipleItems()&amp#27;[0m
HTTP/1.1 200 OK
Date: Mon, 19 May 2025 01:18:41 GMT
Content-Type: application/json
Transfer-Encoding: chunked
Connection: keep-alive
Server: cloudflare
Nel: {"report_to":"cf-nel","success_fraction":0.0,"max_age":604800}
Vary: Origin
Vary: Access-Control-Request-Method
Vary: Access-Control-Request-Headers
Cf-Cache-Status: DYNAMIC
Report-To: {"group":"cf-nel","max_age":604800,"endpoints":[{"url":"https://a.nel.cloudflare.com/report/v4?s=M0z7tAY3bpK2Pa94gAcZ7EE9182HFcnSIxQjcj62sDHJlmHZnp6peBdHRZB5L%2FHAuOGJEMwt8w5J1aSolqGW2HbcWk2rYc%2F0elxZSTQsfK2uda0%3D"}]}
Content-Encoding: gzip
CF-RAY: 941fc3009e3d7876-LHR
alt-svc: h3=":443"; ma=86400

[
    {
        "id": "ff808181932badb60196e61f17f53a71",
        "name": "Test Item 1",
        "data": null
    },
    {
        "id": "ff808181932badb60196e61f19b23a72",
        "name": "Test Item 2",
        "data": null
    },
    {
        "id": "ff808181932badb60196e61f1b6e3a73",
        "name": "Test Item 3",
        "data": null
    }
]
Response JSON: [
    {
        "id": "ff808181932badb60196e61f17f53a71",
        "name": "Test Item 1",
        "data": null
    },
    {
        "id": "ff808181932badb60196e61f19b23a72",
        "name": "Test Item 2",
        "data": null
    },
    {
        "id": "ff808181932badb60196e61f1b6e3a73",
        "name": "Test Item 3",
        "data": null
    }
]
  &amp#27;[32mWhen &amp#27;[0m&amp#27;[32mI request to list all objects by ids&amp#27;[0m   &amp#27;[90m# com.api.stepdefinitions.ObjectSteps.getMultipleItems()&amp#27;[0m
  &amp#27;[32mThen &amp#27;[0m&amp#27;[32ma &amp#27;[0m&amp#27;[32m&amp#27;[1m200&amp#27;[0m&amp#27;[32m response code is returned&amp#27;[0m        &amp#27;[90m# com.api.stepdefinitions.ObjectSteps.verifyResponseCode(int)&amp#27;[0m
  &amp#27;[32mAnd &amp#27;[0m&amp#27;[32mthe response contains all created items&amp#27;[0m &amp#27;[90m# com.api.stepdefinitions.ObjectSteps.verifyAllItems()&amp#27;[0m
]]></system-out>
  </testcase>
  <testcase name="runScenario[&quot;Verify an ability to delete an item&quot;, &quot;Object Management in RESTful API&quot;](9)" classname="com.api.runners.TestRunner" time="1.182">
    <system-out><![CDATA[
@Test
Scenario: Verify an ability to delete an item &amp#27;[90m# src/test/resources/features/ObjectManagement.feature:31&amp#27;[0m
Request method:	POST
Request URI:	https://api.restful-api.dev/objects
Proxy:			<none>
Request params:	<none>
Query params:	<none>
Form params:	<none>
Path params:	<none>
Headers:		Accept=*/*
				Content-Type=application/json
Cookies:		<none>
Multiparts:		<none>
Body:
{
    "name": "Test Item",
    "dataMap": {
        "price": 999.99,
        "description": "Test item for verification"
    }
}
HTTP/1.1 200 OK
Date: Mon, 19 May 2025 01:18:41 GMT
Content-Type: application/json
Transfer-Encoding: chunked
Connection: keep-alive
Server: cloudflare
Nel: {"report_to":"cf-nel","success_fraction":0.0,"max_age":604800}
Vary: Origin
Vary: Access-Control-Request-Method
Vary: Access-Control-Request-Headers
Cf-Cache-Status: DYNAMIC
Report-To: {"group":"cf-nel","max_age":604800,"endpoints":[{"url":"https://a.nel.cloudflare.com/report/v4?s=4T8w%2FhyWNno9P6MRRvquC95r1uX2wzZPzwlwH5dpeu48xv3rcAsU%2FlC73w%2BuIcFs98ip0wWhBTng0fZPz1X11lso4u%2BZWcMOceV7UhmmIKDON2g%3D"}]}
Content-Encoding: gzip
CF-RAY: 941fc3052a0bd05c-LHR
alt-svc: h3=":443"; ma=86400

{
    "id": "ff808181932badb60196e61f1fe53a74",
    "name": "Test Item",
    "createdAt": "2025-05-19T01:18:41.637+00:00",
    "data": null
}
  &amp#27;[32mGiven &amp#27;[0m&amp#27;[32man item exists in the system&amp#27;[0m          &amp#27;[90m# com.api.stepdefinitions.ObjectSteps.createAnItem()&amp#27;[0m
  &amp#27;[32mWhen &amp#27;[0m&amp#27;[32mI request to delete the item by its ID&amp#27;[0m &amp#27;[90m# com.api.stepdefinitions.ObjectSteps.deleteItem()&amp#27;[0m
  &amp#27;[32mThen &amp#27;[0m&amp#27;[32ma &amp#27;[0m&amp#27;[32m&amp#27;[1m200&amp#27;[0m&amp#27;[32m response code is returned&amp#27;[0m        &amp#27;[90m# com.api.stepdefinitions.ObjectSteps.verifyResponseCode(int)&amp#27;[0m
HTTP/1.1 404 Not Found
Date: Mon, 19 May 2025 01:18:42 GMT
Content-Type: application/json
Transfer-Encoding: chunked
Connection: keep-alive
Server: cloudflare
Nel: {"report_to":"cf-nel","success_fraction":0.0,"max_age":604800}
Vary: Origin
Vary: Access-Control-Request-Method
Vary: Access-Control-Request-Headers
Cf-Cache-Status: DYNAMIC
Report-To: {"group":"cf-nel","max_age":604800,"endpoints":[{"url":"https://a.nel.cloudflare.com/report/v4?s=H720ZG%2FNrYxHfAHeaEuiqmrAxqa1wZkrFQPqxX3OCGBDb8Xtk8z1ohjrHZ6CdwZ29Pe8RAR6YCE5SX01EgZYJiWcLPiXYxUZ43lfSrGwxluD"}]}
Content-Encoding: gzip
CF-RAY: 941fc30a4a33ef31-LHR
alt-svc: h3=":443"; ma=86400

{
    "error": "Oject with id=ff808181932badb60196e61f1fe53a74 was not found."
}
  &amp#27;[32mAnd &amp#27;[0m&amp#27;[32mthe item is successfully deleted&amp#27;[0m        &amp#27;[90m# com.api.stepdefinitions.ObjectSteps.verifyItemDeleted()&amp#27;[0m
]]></system-out>
  </testcase>
  <testcase name="runScenario[&quot;Update an existing item&quot;, &quot;Object Management in RESTful API&quot;](10)" classname="com.api.runners.TestRunner" time="0.843">
    <system-out><![CDATA[
@Test
Scenario: Update an existing item                         &amp#27;[90m# src/test/resources/features/ObjectManagement.feature:38&amp#27;[0m
Request method:	POST
Request URI:	https://api.restful-api.dev/objects
Proxy:			<none>
Request params:	<none>
Query params:	<none>
Form params:	<none>
Path params:	<none>
Headers:		Accept=*/*
				Content-Type=application/json
Cookies:		<none>
Multiparts:		<none>
Body:
{
    "name": "Test Item",
    "dataMap": {
        "price": 999.99,
        "description": "Test item for verification"
    }
}
HTTP/1.1 200 OK
Date: Mon, 19 May 2025 01:18:42 GMT
Content-Type: application/json
Transfer-Encoding: chunked
Connection: keep-alive
Server: cloudflare
Nel: {"report_to":"cf-nel","success_fraction":0.0,"max_age":604800}
Vary: Origin
Vary: Access-Control-Request-Method
Vary: Access-Control-Request-Headers
Cf-Cache-Status: DYNAMIC
Report-To: {"group":"cf-nel","max_age":604800,"endpoints":[{"url":"https://a.nel.cloudflare.com/report/v4?s=HFTVGZ5snBQcwgn15KmHKVVu8lbyf4WNj%2F44TOY4tK0saUrhVfsPl6pmXV7X5UdrJp228OPxKqDnu0GG91UlnKtmrJQMESQGC0ny1S2aHgVv1ug%3D"}]}
Content-Encoding: gzip
CF-RAY: 941fc30c9ca557a1-LHR
alt-svc: h3=":443"; ma=86400

{
    "id": "ff808181932badb60196e61f248d3a75",
    "name": "Test Item",
    "createdAt": "2025-05-19T01:18:42.829+00:00",
    "data": null
}
  &amp#27;[32mGiven &amp#27;[0m&amp#27;[32man item exists in the system&amp#27;[0m                      &amp#27;[90m# com.api.stepdefinitions.ObjectSteps.createAnItem()&amp#27;[0m
  &amp#27;[32mWhen &amp#27;[0m&amp#27;[32mI update the item name to &amp#27;[0m&amp#27;[32m&amp#27;[1m"MacBook Pro 16 Updated"&amp#27;[0m &amp#27;[90m# com.api.stepdefinitions.ObjectSteps.updateItemName(java.lang.String)&amp#27;[0m
  &amp#27;[32mThen &amp#27;[0m&amp#27;[32ma &amp#27;[0m&amp#27;[32m&amp#27;[1m200&amp#27;[0m&amp#27;[32m response code is returned&amp#27;[0m                    &amp#27;[90m# com.api.stepdefinitions.ObjectSteps.verifyResponseCode(int)&amp#27;[0m
  &amp#27;[32mAnd &amp#27;[0m&amp#27;[32mthe item name is updated successfully&amp#27;[0m               &amp#27;[90m# com.api.stepdefinitions.ObjectSteps.verifyNameUpdated()&amp#27;[0m
]]></system-out>
  </testcase>
</testsuite>