<?xml version="1.0" encoding="UTF-8"?>
<testng-results ignored="0" total="10" passed="10" failed="0" skipped="0">
  <reporter-output>
  </reporter-output>
  <suite started-at="2025-05-19T02:18:32 BST" name="API Test Suite" finished-at="2025-05-19T02:18:43 BST" duration-ms="11467">
    <groups>
      <group name="cucumber">
        <method signature="AbstractTestNGCucumberTests.runScenario(io.cucumber.testng.PickleWrapper,io.cucumber.testng.FeatureWrapper)[pri:0, instance:com.api.runners.TestRunner@1cbbffcd]" name="runScenario" class="io.cucumber.testng.AbstractTestNGCucumberTests"/>
      </group> <!-- cucumber -->
    </groups>
    <test started-at="2025-05-19T02:18:32 BST" name="API Tests" finished-at="2025-05-19T02:18:43 BST" duration-ms="11467">
      <class name="com.api.runners.TestRunner">
        <test-method is-config="true" signature="setUpClass(org.testng.ITestContext)[pri:0, instance:com.api.runners.TestRunner@1cbbffcd]" started-at="2025-05-19T02:18:32 BST" name="setUpClass" finished-at="2025-05-19T02:18:32 BST" duration-ms="510" status="PASS">
          <params>
            <param index="0">
              <value>
                <![CDATA[org.testng.TestRunner@681d704e]]>
              </value>
            </param>
          </params>
          <reporter-output>
          </reporter-output>
        </test-method> <!-- setUpClass -->
        <test-method signature="runScenario(io.cucumber.testng.PickleWrapper,io.cucumber.testng.FeatureWrapper)[pri:0, instance:com.api.runners.TestRunner@1cbbffcd]" started-at="2025-05-19T02:18:32 BST" name="runScenario" description="Runs Cucumber Scenarios" data-provider="scenarios" finished-at="2025-05-19T02:18:34 BST" duration-ms="2212" status="PASS">
          <params>
            <param index="0">
              <value>
                <![CDATA["Handling invalid item creation"]]>
              </value>
            </param>
            <param index="1">
              <value>
                <![CDATA["Edge Cases for RESTful API Testing"]]>
              </value>
            </param>
          </params>
          <reporter-output>
          </reporter-output>
        </test-method> <!-- runScenario -->
        <test-method signature="runScenario(io.cucumber.testng.PickleWrapper,io.cucumber.testng.FeatureWrapper)[pri:0, instance:com.api.runners.TestRunner@1cbbffcd]" started-at="2025-05-19T02:18:34 BST" name="runScenario" description="Runs Cucumber Scenarios" data-provider="scenarios" finished-at="2025-05-19T02:18:35 BST" duration-ms="411" status="PASS">
          <params>
            <param index="0">
              <value>
                <![CDATA["Get non-existent item"]]>
              </value>
            </param>
            <param index="1">
              <value>
                <![CDATA["Edge Cases for RESTful API Testing"]]>
              </value>
            </param>
          </params>
          <reporter-output>
          </reporter-output>
        </test-method> <!-- runScenario -->
        <test-method signature="runScenario(io.cucumber.testng.PickleWrapper,io.cucumber.testng.FeatureWrapper)[pri:0, instance:com.api.runners.TestRunner@1cbbffcd]" started-at="2025-05-19T02:18:35 BST" name="runScenario" description="Runs Cucumber Scenarios" data-provider="scenarios" finished-at="2025-05-19T02:18:36 BST" duration-ms="1413" status="PASS">
          <params>
            <param index="0">
              <value>
                <![CDATA["Create various types of items"]]>
              </value>
            </param>
            <param index="1">
              <value>
                <![CDATA["Edge Cases for RESTful API Testing"]]>
              </value>
            </param>
          </params>
          <reporter-output>
          </reporter-output>
        </test-method> <!-- runScenario -->
        <test-method signature="runScenario(io.cucumber.testng.PickleWrapper,io.cucumber.testng.FeatureWrapper)[pri:0, instance:com.api.runners.TestRunner@1cbbffcd]" started-at="2025-05-19T02:18:36 BST" name="runScenario" description="Runs Cucumber Scenarios" data-provider="scenarios" finished-at="2025-05-19T02:18:37 BST" duration-ms="433" status="PASS">
          <params>
            <param index="0">
              <value>
                <![CDATA["Create various types of items"]]>
              </value>
            </param>
            <param index="1">
              <value>
                <![CDATA["Edge Cases for RESTful API Testing"]]>
              </value>
            </param>
          </params>
          <reporter-output>
          </reporter-output>
        </test-method> <!-- runScenario -->
        <test-method signature="runScenario(io.cucumber.testng.PickleWrapper,io.cucumber.testng.FeatureWrapper)[pri:0, instance:com.api.runners.TestRunner@1cbbffcd]" started-at="2025-05-19T02:18:37 BST" name="runScenario" description="Runs Cucumber Scenarios" data-provider="scenarios" finished-at="2025-05-19T02:18:37 BST" duration-ms="512" status="PASS">
          <params>
            <param index="0">
              <value>
                <![CDATA["Create various types of items"]]>
              </value>
            </param>
            <param index="1">
              <value>
                <![CDATA["Edge Cases for RESTful API Testing"]]>
              </value>
            </param>
          </params>
          <reporter-output>
          </reporter-output>
        </test-method> <!-- runScenario -->
        <test-method signature="runScenario(io.cucumber.testng.PickleWrapper,io.cucumber.testng.FeatureWrapper)[pri:0, instance:com.api.runners.TestRunner@1cbbffcd]" started-at="2025-05-19T02:18:37 BST" name="runScenario" description="Runs Cucumber Scenarios" data-provider="scenarios" finished-at="2025-05-19T02:18:38 BST" duration-ms="822" status="PASS">
          <params>
            <param index="0">
              <value>
                <![CDATA["Verify an item can be created"]]>
              </value>
            </param>
            <param index="1">
              <value>
                <![CDATA["Object Management in RESTful API"]]>
              </value>
            </param>
          </params>
          <reporter-output>
          </reporter-output>
        </test-method> <!-- runScenario -->
        <test-method signature="runScenario(io.cucumber.testng.PickleWrapper,io.cucumber.testng.FeatureWrapper)[pri:0, instance:com.api.runners.TestRunner@1cbbffcd]" started-at="2025-05-19T02:18:38 BST" name="runScenario" description="Runs Cucumber Scenarios" data-provider="scenarios" finished-at="2025-05-19T02:18:39 BST" duration-ms="908" status="PASS">
          <params>
            <param index="0">
              <value>
                <![CDATA["Verify an ability to return an item"]]>
              </value>
            </param>
            <param index="1">
              <value>
                <![CDATA["Object Management in RESTful API"]]>
              </value>
            </param>
          </params>
          <reporter-output>
          </reporter-output>
        </test-method> <!-- runScenario -->
        <test-method signature="runScenario(io.cucumber.testng.PickleWrapper,io.cucumber.testng.FeatureWrapper)[pri:0, instance:com.api.runners.TestRunner@1cbbffcd]" started-at="2025-05-19T02:18:39 BST" name="runScenario" description="Runs Cucumber Scenarios" data-provider="scenarios" finished-at="2025-05-19T02:18:41 BST" duration-ms="2041" status="PASS">
          <params>
            <param index="0">
              <value>
                <![CDATA["Ability to list multiple items"]]>
              </value>
            </param>
            <param index="1">
              <value>
                <![CDATA["Object Management in RESTful API"]]>
              </value>
            </param>
          </params>
          <reporter-output>
          </reporter-output>
        </test-method> <!-- runScenario -->
        <test-method signature="runScenario(io.cucumber.testng.PickleWrapper,io.cucumber.testng.FeatureWrapper)[pri:0, instance:com.api.runners.TestRunner@1cbbffcd]" started-at="2025-05-19T02:18:41 BST" name="runScenario" description="Runs Cucumber Scenarios" data-provider="scenarios" finished-at="2025-05-19T02:18:42 BST" duration-ms="1182" status="PASS">
          <params>
            <param index="0">
              <value>
                <![CDATA["Verify an ability to delete an item"]]>
              </value>
            </param>
            <param index="1">
              <value>
                <![CDATA["Object Management in RESTful API"]]>
              </value>
            </param>
          </params>
          <reporter-output>
          </reporter-output>
        </test-method> <!-- runScenario -->
        <test-method signature="runScenario(io.cucumber.testng.PickleWrapper,io.cucumber.testng.FeatureWrapper)[pri:0, instance:com.api.runners.TestRunner@1cbbffcd]" started-at="2025-05-19T02:18:42 BST" name="runScenario" description="Runs Cucumber Scenarios" data-provider="scenarios" finished-at="2025-05-19T02:18:43 BST" duration-ms="843" status="PASS">
          <params>
            <param index="0">
              <value>
                <![CDATA["Update an existing item"]]>
              </value>
            </param>
            <param index="1">
              <value>
                <![CDATA["Object Management in RESTful API"]]>
              </value>
            </param>
          </params>
          <reporter-output>
          </reporter-output>
        </test-method> <!-- runScenario -->
        <test-method is-config="true" signature="tearDownClass()[pri:0, instance:com.api.runners.TestRunner@1cbbffcd]" started-at="2025-05-19T02:18:43 BST" name="tearDownClass" finished-at="2025-05-19T02:18:43 BST" duration-ms="135" status="PASS">
          <reporter-output>
          </reporter-output>
        </test-method> <!-- tearDownClass -->
      </class> <!-- com.api.runners.TestRunner -->
    </test> <!-- API Tests -->
  </suite> <!-- API Test Suite -->
</testng-results>
